Tue Nov 11 11:17:26 2025       
+-----------------------------------------------------------------------------+
| NVIDIA-SMI 450.236.01   Driver Version: 450.236.01   CUDA Version: 11.0     |
|-------------------------------+----------------------+----------------------+
| GPU  Name        Persistence-M| Bus-Id        Disp.A | Volatile Uncorr. ECC |
| Fan  Temp  Perf  Pwr:Usage/Cap|         Memory-Usage | GPU-Util  Compute M. |
|                               |                      |               MIG M. |
|===============================+======================+======================|
|   0  TITAN Xp            On   | 00000000:02:00.0 Off |                  N/A |
| 23%   25C    P8     9W / 250W |      1MiB / 12196MiB |      0%      Default |
|                               |                      |                  N/A |
+-------------------------------+----------------------+----------------------+
                                                                               
+-----------------------------------------------------------------------------+
| Processes:                                                                  |
|  GPU   GI   CI        PID   Type   Process name                  GPU Memory |
|        ID   ID                                                   Usage      |
|=============================================================================|
|  No running processes found                                                 |
+-----------------------------------------------------------------------------+
CUDA_HOME: 
-rw-r--r-- 1 root root 22 Aug  4  2020 /usr/local/cuda-11.0/version.txt
-rw-r--r-- 1 root root 22 Aug  4  2020 /usr/local/cuda/version.txt
PyTorch: 2.5.1
CUDA available: False
WARNING ⚠️ torchvision==0.22 is incompatible with torch==2.5.
Run 'pip install torchvision==0.20' to fix torchvision or 'pip install -U torch torchvision' to update both.
For a full compatibility table see https://github.com/pytorch/vision#installation
Creating new Ultralytics Settings v0.0.6 file ✅ 
View Ultralytics Settings with 'yolo settings' or at '/home/iantequera/.config/Ultralytics/settings.json'
Update Settings with 'yolo settings key=value', i.e. 'yolo settings runs_dir=path/to/dir'. For help see https://docs.ultralytics.com/quickstart/#ultralytics-settings.
CUDA available: False
Running on CPU
[KDownloading https://github.com/ultralytics/assets/releases/download/v8.3.0/yolov8x.pt to 'yolov8x.pt': 3% ──────────── 3.4/130.5MB 33.9MB/s 0.1s<3.8s[KDownloading https://github.com/ultralytics/assets/releases/download/v8.3.0/yolov8x.pt to 'yolov8x.pt': 11% ━─────────── 14.6/130.5MB 111.2MB/s 0.2s<1.0s[KDownloading https://github.com/ultralytics/assets/releases/download/v8.3.0/yolov8x.pt to 'yolov8x.pt': 20% ━━────────── 25.8/130.5MB 111.7MB/s 0.3s<0.9s[KDownloading https://github.com/ultralytics/assets/releases/download/v8.3.0/yolov8x.pt to 'yolov8x.pt': 28% ━━━───────── 37.1/130.5MB 111.8MB/s 0.4s<0.8s[KDownloading https://github.com/ultralytics/assets/releases/download/v8.3.0/yolov8x.pt to 'yolov8x.pt': 37% ━━━━──────── 48.3/130.5MB 111.0MB/s 0.5s<0.7s[KDownloading https://github.com/ultralytics/assets/releases/download/v8.3.0/yolov8x.pt to 'yolov8x.pt': 46% ━━━━━─────── 59.5/130.5MB 111.9MB/s 0.6s<0.6s[KDownloading https://github.com/ultralytics/assets/releases/download/v8.3.0/yolov8x.pt to 'yolov8x.pt': 54% ━━━━━━╸───── 70.8/130.5MB 111.6MB/s 0.7s<0.5s[KDownloading https://github.com/ultralytics/assets/releases/download/v8.3.0/yolov8x.pt to 'yolov8x.pt': 63% ━━━━━━━╸──── 82.0/130.5MB 111.0MB/s 0.8s<0.4s[KDownloading https://github.com/ultralytics/assets/releases/download/v8.3.0/yolov8x.pt to 'yolov8x.pt': 71% ━━━━━━━━╸─── 93.2/130.5MB 111.9MB/s 0.9s<0.3s[KDownloading https://github.com/ultralytics/assets/releases/download/v8.3.0/yolov8x.pt to 'yolov8x.pt': 77% ━━━━━━━━━─── 100.4/130.5MB 71.5MB/s 1.0s<0.4s[KDownloading https://github.com/ultralytics/assets/releases/download/v8.3.0/yolov8x.pt to 'yolov8x.pt': 82% ━━━━━━━━━╸── 107.4/130.5MB 69.6MB/s 1.1s<0.3s[KDownloading https://github.com/ultralytics/assets/releases/download/v8.3.0/yolov8x.pt to 'yolov8x.pt': 91% ━━━━━━━━━━╸─ 118.7/130.5MB 112.0MB/s 1.2s<0.1s[KDownloading https://github.com/ultralytics/assets/releases/download/v8.3.0/yolov8x.pt to 'yolov8x.pt': 99% ━━━━━━━━━━━╸ 129.9/130.5MB 111.5MB/s 1.3s<0.0s[KDownloading https://github.com/ultralytics/assets/releases/download/v8.3.0/yolov8x.pt to 'yolov8x.pt': 100% ━━━━━━━━━━━━ 130.5MB 99.3MB/s 1.3s[KDownloading https://github.com/ultralytics/assets/releases/download/v8.3.0/yolov8x.pt to 'yolov8x.pt': 100% ━━━━━━━━━━━━ 130.5MB 52.0MB/s 2.5s

WARNING ⚠️ 
inference results will accumulate in RAM unless `stream=True` is passed, causing potential out-of-memory
errors for large sources or long-running streams and videos. See https://docs.ultralytics.com/modes/predict/ for help.

Example:
    results = model(source=..., stream=True)  # generator of Results objects
    for r in results:
        boxes = r.boxes  # Boxes object for bbox outputs
        masks = r.masks  # Masks object for segment masks outputs
        probs = r.probs  # Class probabilities for classification outputs

video 1/1 (frame 1/737) /mnt/homeGPU/iantequera/My_Code/Football_Analysis_CV/input_videos/Take_N1.mp4: 384x640 7 persons, 613.6ms
video 1/1 (frame 2/737) /mnt/homeGPU/iantequera/My_Code/Football_Analysis_CV/input_videos/Take_N1.mp4: 384x640 7 persons, 412.3ms
video 1/1 (frame 3/737) /mnt/homeGPU/iantequera/My_Code/Football_Analysis_CV/input_videos/Take_N1.mp4: 384x640 7 persons, 1 sports ball, 400.8ms
video 1/1 (frame 4/737) /mnt/homeGPU/iantequera/My_Code/Football_Analysis_CV/input_videos/Take_N1.mp4: 384x640 7 persons, 1 sports ball, 397.1ms
video 1/1 (frame 5/737) /mnt/homeGPU/iantequera/My_Code/Football_Analysis_CV/input_videos/Take_N1.mp4: 384x640 7 persons, 393.5ms
video 1/1 (frame 6/737) /mnt/homeGPU/iantequera/My_Code/Football_Analysis_CV/input_videos/Take_N1.mp4: 384x640 8 persons, 452.0ms
video 1/1 (frame 7/737) /mnt/homeGPU/iantequera/My_Code/Football_Analysis_CV/input_videos/Take_N1.mp4: 384x640 8 persons, 400.2ms
video 1/1 (frame 8/737) /mnt/homeGPU/iantequera/My_Code/Football_Analysis_CV/input_videos/Take_N1.mp4: 384x640 8 persons, 393.0ms
video 1/1 (frame 9/737) /mnt/homeGPU/iantequera/My_Code/Football_Analysis_CV/input_videos/Take_N1.mp4: 384x640 8 persons, 1 sports ball, 525.9ms
video 1/1 (frame 10/737) /mnt/homeGPU/iantequera/My_Code/Football_Analysis_CV/input_videos/Take_N1.mp4: 384x640 8 persons, 1 sports ball, 438.9ms
video 1/1 (frame 11/737) /mnt/homeGPU/iantequera/My_Code/Football_Analysis_CV/input_videos/Take_N1.mp4: 384x640 8 persons, 1 sports ball, 454.2ms
video 1/1 (frame 12/737) /mnt/homeGPU/iantequera/My_Code/Football_Analysis_CV/input_videos/Take_N1.mp4: 384x640 9 persons, 397.9ms
video 1/1 (frame 13/737) /mnt/homeGPU/iantequera/My_Code/Football_Analysis_CV/input_videos/Take_N1.mp4: 384x640 9 persons, 1 sports ball, 442.3ms
video 1/1 (frame 14/737) /mnt/homeGPU/iantequera/My_Code/Football_Analysis_CV/input_videos/Take_N1.mp4: 384x640 9 persons, 1 sports ball, 451.5ms
video 1/1 (frame 15/737) /mnt/homeGPU/iantequera/My_Code/Football_Analysis_CV/input_videos/Take_N1.mp4: 384x640 9 persons, 1 sports ball, 411.0ms
video 1/1 (frame 16/737) /mnt/homeGPU/iantequera/My_Code/Football_Analysis_CV/input_videos/Take_N1.mp4: 384x640 9 persons, 1 sports ball, 397.8ms
video 1/1 (frame 17/737) /mnt/homeGPU/iantequera/My_Code/Football_Analysis_CV/input_videos/Take_N1.mp4: 384x640 8 persons, 1 sports ball, 408.7ms
video 1/1 (frame 18/737) /mnt/homeGPU/iantequera/My_Code/Football_Analysis_CV/input_videos/Take_N1.mp4: 384x640 9 persons, 1 sports ball, 433.8ms
video 1/1 (frame 19/737) /mnt/homeGPU/iantequera/My_Code/Football_Analysis_CV/input_videos/Take_N1.mp4: 384x640 9 persons, 1 sports ball, 478.2ms
video 1/1 (frame 20/737) /mnt/homeGPU/iantequera/My_Code/Football_Analysis_CV/input_videos/Take_N1.mp4: 384x640 9 persons, 1 sports ball, 395.1ms
video 1/1 (frame 21/737) /mnt/homeGPU/iantequera/My_Code/Football_Analysis_CV/input_videos/Take_N1.mp4: 384x640 9 persons, 1 sports ball, 484.9ms
video 1/1 (frame 22/737) /mnt/homeGPU/iantequera/My_Code/Football_Analysis_CV/input_videos/Take_N1.mp4: 384x640 9 persons, 1 sports ball, 424.6ms
video 1/1 (frame 23/737) /mnt/homeGPU/iantequera/My_Code/Football_Analysis_CV/input_videos/Take_N1.mp4: 384x640 9 persons, 1 sports ball, 397.7ms
video 1/1 (frame 24/737) /mnt/homeGPU/iantequera/My_Code/Football_Analysis_CV/input_videos/Take_N1.mp4: 384x640 9 persons, 395.8ms
video 1/1 (frame 25/737) /mnt/homeGPU/iantequera/My_Code/Football_Analysis_CV/input_videos/Take_N1.mp4: 384x640 8 persons, 509.0ms
video 1/1 (frame 26/737) /mnt/homeGPU/iantequera/My_Code/Football_Analysis_CV/input_videos/Take_N1.mp4: 384x640 8 persons, 440.9ms
video 1/1 (frame 27/737) /mnt/homeGPU/iantequera/My_Code/Football_Analysis_CV/input_videos/Take_N1.mp4: 384x640 7 persons, 1 sports ball, 399.2ms
video 1/1 (frame 28/737) /mnt/homeGPU/iantequera/My_Code/Football_Analysis_CV/input_videos/Take_N1.mp4: 384x640 8 persons, 398.6ms
video 1/1 (frame 29/737) /mnt/homeGPU/iantequera/My_Code/Football_Analysis_CV/input_videos/Take_N1.mp4: 384x640 8 persons, 398.5ms
video 1/1 (frame 30/737) /mnt/homeGPU/iantequera/My_Code/Football_Analysis_CV/input_videos/Take_N1.mp4: 384x640 7 persons, 394.6ms
video 1/1 (frame 31/737) /mnt/homeGPU/iantequera/My_Code/Football_Analysis_CV/input_videos/Take_N1.mp4: 384x640 8 persons, 434.4ms
video 1/1 (frame 32/737) /mnt/homeGPU/iantequera/My_Code/Football_Analysis_CV/input_videos/Take_N1.mp4: 384x640 8 persons, 394.5ms
video 1/1 (frame 33/737) /mnt/homeGPU/iantequera/My_Code/Football_Analysis_CV/input_videos/Take_N1.mp4: 384x640 7 persons, 1 sports ball, 392.2ms
video 1/1 (frame 34/737) /mnt/homeGPU/iantequera/My_Code/Football_Analysis_CV/input_videos/Take_N1.mp4: 384x640 7 persons, 1 sports ball, 423.3ms
video 1/1 (frame 35/737) /mnt/homeGPU/iantequera/My_Code/Football_Analysis_CV/input_videos/Take_N1.mp4: 384x640 8 persons, 444.8ms
video 1/1 (frame 36/737) /mnt/homeGPU/iantequera/My_Code/Football_Analysis_CV/input_videos/Take_N1.mp4: 384x640 8 persons, 1 sports ball, 396.6ms
video 1/1 (frame 37/737) /mnt/homeGPU/iantequera/My_Code/Football_Analysis_CV/input_videos/Take_N1.mp4: 384x640 8 persons, 444.4ms
video 1/1 (frame 38/737) /mnt/homeGPU/iantequera/My_Code/Football_Analysis_CV/input_videos/Take_N1.mp4: 384x640 8 persons, 462.6ms
video 1/1 (frame 39/737) /mnt/homeGPU/iantequera/My_Code/Football_Analysis_CV/input_videos/Take_N1.mp4: 384x640 8 persons, 391.4ms
video 1/1 (frame 40/737) /mnt/homeGPU/iantequera/My_Code/Football_Analysis_CV/input_videos/Take_N1.mp4: 384x640 7 persons, 1 sports ball, 469.0ms
video 1/1 (frame 41/737) /mnt/homeGPU/iantequera/My_Code/Football_Analysis_CV/input_videos/Take_N1.mp4: 384x640 7 persons, 397.0ms
video 1/1 (frame 42/737) /mnt/homeGPU/iantequera/My_Code/Football_Analysis_CV/input_videos/Take_N1.mp4: 384x640 8 persons, 397.6ms
video 1/1 (frame 43/737) /mnt/homeGPU/iantequera/My_Code/Football_Analysis_CV/input_videos/Take_N1.mp4: 384x640 8 persons, 396.7ms
video 1/1 (frame 44/737) /mnt/homeGPU/iantequera/My_Code/Football_Analysis_CV/input_videos/Take_N1.mp4: 384x640 8 persons, 406.0ms
video 1/1 (frame 45/737) /mnt/homeGPU/iantequera/My_Code/Football_Analysis_CV/input_videos/Take_N1.mp4: 384x640 8 persons, 400.0ms
video 1/1 (frame 46/737) /mnt/homeGPU/iantequera/My_Code/Football_Analysis_CV/input_videos/Take_N1.mp4: 384x640 7 persons, 399.0ms
video 1/1 (frame 47/737) /mnt/homeGPU/iantequera/My_Code/Football_Analysis_CV/input_videos/Take_N1.mp4: 384x640 7 persons, 439.2ms
video 1/1 (frame 48/737) /mnt/homeGPU/iantequera/My_Code/Football_Analysis_CV/input_videos/Take_N1.mp4: 384x640 7 persons, 392.9ms
video 1/1 (frame 49/737) /mnt/homeGPU/iantequera/My_Code/Football_Analysis_CV/input_videos/Take_N1.mp4: 384x640 7 persons, 394.8ms
video 1/1 (frame 50/737) /mnt/homeGPU/iantequera/My_Code/Football_Analysis_CV/input_videos/Take_N1.mp4: 384x640 7 persons, 430.4ms
video 1/1 (frame 51/737) /mnt/homeGPU/iantequera/My_Code/Football_Analysis_CV/input_videos/Take_N1.mp4: 384x640 7 persons, 395.7ms
video 1/1 (frame 52/737) /mnt/homeGPU/iantequera/My_Code/Football_Analysis_CV/input_videos/Take_N1.mp4: 384x640 7 persons, 400.9ms
video 1/1 (frame 53/737) /mnt/homeGPU/iantequera/My_Code/Football_Analysis_CV/input_videos/Take_N1.mp4: 384x640 8 persons, 401.8ms
video 1/1 (frame 54/737) /mnt/homeGPU/iantequera/My_Code/Football_Analysis_CV/input_videos/Take_N1.mp4: 384x640 8 persons, 451.6ms
video 1/1 (frame 55/737) /mnt/homeGPU/iantequera/My_Code/Football_Analysis_CV/input_videos/Take_N1.mp4: 384x640 8 persons, 1 chair, 392.0ms
video 1/1 (frame 56/737) /mnt/homeGPU/iantequera/My_Code/Football_Analysis_CV/input_videos/Take_N1.mp4: 384x640 8 persons, 1 chair, 391.4ms
video 1/1 (frame 57/737) /mnt/homeGPU/iantequera/My_Code/Football_Analysis_CV/input_videos/Take_N1.mp4: 384x640 8 persons, 423.7ms
video 1/1 (frame 58/737) /mnt/homeGPU/iantequera/My_Code/Football_Analysis_CV/input_videos/Take_N1.mp4: 384x640 7 persons, 1 sports ball, 426.5ms
video 1/1 (frame 59/737) /mnt/homeGPU/iantequera/My_Code/Football_Analysis_CV/input_videos/Take_N1.mp4: 384x640 7 persons, 1 sports ball, 394.6ms
video 1/1 (frame 60/737) /mnt/homeGPU/iantequera/My_Code/Football_Analysis_CV/input_videos/Take_N1.mp4: 384x640 8 persons, 1 sports ball, 465.5ms
video 1/1 (frame 61/737) /mnt/homeGPU/iantequera/My_Code/Football_Analysis_CV/input_videos/Take_N1.mp4: 384x640 9 persons, 1 sports ball, 412.7ms
video 1/1 (frame 62/737) /mnt/homeGPU/iantequera/My_Code/Football_Analysis_CV/input_videos/Take_N1.mp4: 384x640 9 persons, 1 sports ball, 394.6ms
video 1/1 (frame 63/737) /mnt/homeGPU/iantequera/My_Code/Football_Analysis_CV/input_videos/Take_N1.mp4: 384x640 9 persons, 1 sports ball, 439.2ms
video 1/1 (frame 64/737) /mnt/homeGPU/iantequera/My_Code/Football_Analysis_CV/input_videos/Take_N1.mp4: 384x640 8 persons, 1 sports ball, 401.5ms
video 1/1 (frame 65/737) /mnt/homeGPU/iantequera/My_Code/Football_Analysis_CV/input_videos/Take_N1.mp4: 384x640 8 persons, 397.5ms
video 1/1 (frame 66/737) /mnt/homeGPU/iantequera/My_Code/Football_Analysis_CV/input_videos/Take_N1.mp4: 384x640 8 persons, 1 sports ball, 438.2ms
video 1/1 (frame 67/737) /mnt/homeGPU/iantequera/My_Code/Football_Analysis_CV/input_videos/Take_N1.mp4: 384x640 7 persons, 1 sports ball, 399.0ms
video 1/1 (frame 68/737) /mnt/homeGPU/iantequera/My_Code/Football_Analysis_CV/input_videos/Take_N1.mp4: 384x640 7 persons, 1 sports ball, 400.1ms
video 1/1 (frame 69/737) /mnt/homeGPU/iantequera/My_Code/Football_Analysis_CV/input_videos/Take_N1.mp4: 384x640 8 persons, 1 sports ball, 438.0ms
video 1/1 (frame 70/737) /mnt/homeGPU/iantequera/My_Code/Football_Analysis_CV/input_videos/Take_N1.mp4: 384x640 8 persons, 387.5ms
video 1/1 (frame 71/737) /mnt/homeGPU/iantequera/My_Code/Football_Analysis_CV/input_videos/Take_N1.mp4: 384x640 9 persons, 1 sports ball, 387.7ms
video 1/1 (frame 72/737) /mnt/homeGPU/iantequera/My_Code/Football_Analysis_CV/input_videos/Take_N1.mp4: 384x640 9 persons, 394.7ms
video 1/1 (frame 73/737) /mnt/homeGPU/iantequera/My_Code/Football_Analysis_CV/input_videos/Take_N1.mp4: 384x640 9 persons, 1 sports ball, 409.8ms
video 1/1 (frame 74/737) /mnt/homeGPU/iantequera/My_Code/Football_Analysis_CV/input_videos/Take_N1.mp4: 384x640 9 persons, 1 sports ball, 426.0ms
video 1/1 (frame 75/737) /mnt/homeGPU/iantequera/My_Code/Football_Analysis_CV/input_videos/Take_N1.mp4: 384x640 9 persons, 1 sports ball, 454.1ms
video 1/1 (frame 76/737) /mnt/homeGPU/iantequera/My_Code/Football_Analysis_CV/input_videos/Take_N1.mp4: 384x640 9 persons, 1 sports ball, 398.4ms
video 1/1 (frame 77/737) /mnt/homeGPU/iantequera/My_Code/Football_Analysis_CV/input_videos/Take_N1.mp4: 384x640 9 persons, 1 sports ball, 387.0ms
video 1/1 (frame 78/737) /mnt/homeGPU/iantequera/My_Code/Football_Analysis_CV/input_videos/Take_N1.mp4: 384x640 9 persons, 1 sports ball, 400.6ms
video 1/1 (frame 79/737) /mnt/homeGPU/iantequera/My_Code/Football_Analysis_CV/input_videos/Take_N1.mp4: 384x640 8 persons, 1 sports ball, 434.0ms
video 1/1 (frame 80/737) /mnt/homeGPU/iantequera/My_Code/Football_Analysis_CV/input_videos/Take_N1.mp4: 384x640 7 persons, 1 sports ball, 389.8ms
video 1/1 (frame 81/737) /mnt/homeGPU/iantequera/My_Code/Football_Analysis_CV/input_videos/Take_N1.mp4: 384x640 9 persons, 1 sports ball, 397.1ms
video 1/1 (frame 82/737) /mnt/homeGPU/iantequera/My_Code/Football_Analysis_CV/input_videos/Take_N1.mp4: 384x640 8 persons, 1 sports ball, 427.8ms
video 1/1 (frame 83/737) /mnt/homeGPU/iantequera/My_Code/Football_Analysis_CV/input_videos/Take_N1.mp4: 384x640 7 persons, 1 sports ball, 397.5ms
video 1/1 (frame 84/737) /mnt/homeGPU/iantequera/My_Code/Football_Analysis_CV/input_videos/Take_N1.mp4: 384x640 8 persons, 1 sports ball, 512.2ms
video 1/1 (frame 85/737) /mnt/homeGPU/iantequera/My_Code/Football_Analysis_CV/input_videos/Take_N1.mp4: 384x640 9 persons, 1 sports ball, 486.0ms
video 1/1 (frame 86/737) /mnt/homeGPU/iantequera/My_Code/Football_Analysis_CV/input_videos/Take_N1.mp4: 384x640 9 persons, 1 sports ball, 405.2ms
video 1/1 (frame 87/737) /mnt/homeGPU/iantequera/My_Code/Football_Analysis_CV/input_videos/Take_N1.mp4: 384x640 8 persons, 1 sports ball, 394.1ms
video 1/1 (frame 88/737) /mnt/homeGPU/iantequera/My_Code/Football_Analysis_CV/input_videos/Take_N1.mp4: 384x640 8 persons, 1 sports ball, 397.1ms
video 1/1 (frame 89/737) /mnt/homeGPU/iantequera/My_Code/Football_Analysis_CV/input_videos/Take_N1.mp4: 384x640 8 persons, 1 sports ball, 432.4ms
video 1/1 (frame 90/737) /mnt/homeGPU/iantequera/My_Code/Football_Analysis_CV/input_videos/Take_N1.mp4: 384x640 8 persons, 1 sports ball, 427.1ms
video 1/1 (frame 91/737) /mnt/homeGPU/iantequera/My_Code/Football_Analysis_CV/input_videos/Take_N1.mp4: 384x640 8 persons, 1 sports ball, 433.8ms
video 1/1 (frame 92/737) /mnt/homeGPU/iantequera/My_Code/Football_Analysis_CV/input_videos/Take_N1.mp4: 384x640 8 persons, 1 sports ball, 391.8ms
video 1/1 (frame 93/737) /mnt/homeGPU/iantequera/My_Code/Football_Analysis_CV/input_videos/Take_N1.mp4: 384x640 8 persons, 432.7ms
video 1/1 (frame 94/737) /mnt/homeGPU/iantequera/My_Code/Football_Analysis_CV/input_videos/Take_N1.mp4: 384x640 8 persons, 391.8ms
video 1/1 (frame 95/737) /mnt/homeGPU/iantequera/My_Code/Football_Analysis_CV/input_videos/Take_N1.mp4: 384x640 8 persons, 1 sports ball, 453.6ms
video 1/1 (frame 96/737) /mnt/homeGPU/iantequera/My_Code/Football_Analysis_CV/input_videos/Take_N1.mp4: 384x640 8 persons, 1 sports ball, 396.1ms
video 1/1 (frame 97/737) /mnt/homeGPU/iantequera/My_Code/Football_Analysis_CV/input_videos/Take_N1.mp4: 384x640 8 persons, 1 sports ball, 399.2ms
video 1/1 (frame 98/737) /mnt/homeGPU/iantequera/My_Code/Football_Analysis_CV/input_videos/Take_N1.mp4: 384x640 8 persons, 1 sports ball, 423.6ms
video 1/1 (frame 99/737) /mnt/homeGPU/iantequera/My_Code/Football_Analysis_CV/input_videos/Take_N1.mp4: 384x640 9 persons, 1 sports ball, 438.2ms
video 1/1 (frame 100/737) /mnt/homeGPU/iantequera/My_Code/Football_Analysis_CV/input_videos/Take_N1.mp4: 384x640 9 persons, 397.2ms
video 1/1 (frame 101/737) /mnt/homeGPU/iantequera/My_Code/Football_Analysis_CV/input_videos/Take_N1.mp4: 384x640 9 persons, 440.8ms
video 1/1 (frame 102/737) /mnt/homeGPU/iantequera/My_Code/Football_Analysis_CV/input_videos/Take_N1.mp4: 384x640 9 persons, 414.0ms
video 1/1 (frame 103/737) /mnt/homeGPU/iantequera/My_Code/Football_Analysis_CV/input_videos/Take_N1.mp4: 384x640 9 persons, 395.4ms
video 1/1 (frame 104/737) /mnt/homeGPU/iantequera/My_Code/Football_Analysis_CV/input_videos/Take_N1.mp4: 384x640 9 persons, 389.7ms
video 1/1 (frame 105/737) /mnt/homeGPU/iantequera/My_Code/Football_Analysis_CV/input_videos/Take_N1.mp4: 384x640 9 persons, 398.1ms
video 1/1 (frame 106/737) /mnt/homeGPU/iantequera/My_Code/Football_Analysis_CV/input_videos/Take_N1.mp4: 384x640 8 persons, 436.2ms
video 1/1 (frame 107/737) /mnt/homeGPU/iantequera/My_Code/Football_Analysis_CV/input_videos/Take_N1.mp4: 384x640 8 persons, 454.7ms
video 1/1 (frame 108/737) /mnt/homeGPU/iantequera/My_Code/Football_Analysis_CV/input_videos/Take_N1.mp4: 384x640 8 persons, 442.6ms
video 1/1 (frame 109/737) /mnt/homeGPU/iantequera/My_Code/Football_Analysis_CV/input_videos/Take_N1.mp4: 384x640 8 persons, 395.1ms
video 1/1 (frame 110/737) /mnt/homeGPU/iantequera/My_Code/Football_Analysis_CV/input_videos/Take_N1.mp4: 384x640 8 persons, 399.8ms
video 1/1 (frame 111/737) /mnt/homeGPU/iantequera/My_Code/Football_Analysis_CV/input_videos/Take_N1.mp4: 384x640 7 persons, 390.5ms
video 1/1 (frame 112/737) /mnt/homeGPU/iantequera/My_Code/Football_Analysis_CV/input_videos/Take_N1.mp4: 384x640 7 persons, 389.3ms
video 1/1 (frame 113/737) /mnt/homeGPU/iantequera/My_Code/Football_Analysis_CV/input_videos/Take_N1.mp4: 384x640 8 persons, 1 sports ball, 384.2ms
video 1/1 (frame 114/737) /mnt/homeGPU/iantequera/My_Code/Football_Analysis_CV/input_videos/Take_N1.mp4: 384x640 7 persons, 1 sports ball, 406.9ms
video 1/1 (frame 115/737) /mnt/homeGPU/iantequera/My_Code/Football_Analysis_CV/input_videos/Take_N1.mp4: 384x640 7 persons, 1 sports ball, 451.1ms
video 1/1 (frame 116/737) /mnt/homeGPU/iantequera/My_Code/Football_Analysis_CV/input_videos/Take_N1.mp4: 384x640 7 persons, 1 sports ball, 401.5ms
video 1/1 (frame 117/737) /mnt/homeGPU/iantequera/My_Code/Football_Analysis_CV/input_videos/Take_N1.mp4: 384x640 7 persons, 1 sports ball, 431.8ms
video 1/1 (frame 118/737) /mnt/homeGPU/iantequera/My_Code/Football_Analysis_CV/input_videos/Take_N1.mp4: 384x640 7 persons, 1 sports ball, 448.6ms
video 1/1 (frame 119/737) /mnt/homeGPU/iantequera/My_Code/Football_Analysis_CV/input_videos/Take_N1.mp4: 384x640 7 persons, 1 sports ball, 392.7ms
video 1/1 (frame 120/737) /mnt/homeGPU/iantequera/My_Code/Football_Analysis_CV/input_videos/Take_N1.mp4: 384x640 7 persons, 1 sports ball, 407.5ms
video 1/1 (frame 121/737) /mnt/homeGPU/iantequera/My_Code/Football_Analysis_CV/input_videos/Take_N1.mp4: 384x640 7 persons, 1 sports ball, 432.3ms
video 1/1 (frame 122/737) /mnt/homeGPU/iantequera/My_Code/Football_Analysis_CV/input_videos/Take_N1.mp4: 384x640 7 persons, 1 sports ball, 524.1ms
video 1/1 (frame 123/737) /mnt/homeGPU/iantequera/My_Code/Football_Analysis_CV/input_videos/Take_N1.mp4: 384x640 7 persons, 1 sports ball, 397.3ms
video 1/1 (frame 124/737) /mnt/homeGPU/iantequera/My_Code/Football_Analysis_CV/input_videos/Take_N1.mp4: 384x640 7 persons, 1 sports ball, 390.0ms
video 1/1 (frame 125/737) /mnt/homeGPU/iantequera/My_Code/Football_Analysis_CV/input_videos/Take_N1.mp4: 384x640 7 persons, 1 sports ball, 482.4ms
video 1/1 (frame 126/737) /mnt/homeGPU/iantequera/My_Code/Football_Analysis_CV/input_videos/Take_N1.mp4: 384x640 8 persons, 1 sports ball, 401.2ms
video 1/1 (frame 127/737) /mnt/homeGPU/iantequera/My_Code/Football_Analysis_CV/input_videos/Take_N1.mp4: 384x640 7 persons, 1 sports ball, 438.3ms
video 1/1 (frame 128/737) /mnt/homeGPU/iantequera/My_Code/Football_Analysis_CV/input_videos/Take_N1.mp4: 384x640 7 persons, 1 sports ball, 393.7ms
video 1/1 (frame 129/737) /mnt/homeGPU/iantequera/My_Code/Football_Analysis_CV/input_videos/Take_N1.mp4: 384x640 7 persons, 1 sports ball, 392.9ms
video 1/1 (frame 130/737) /mnt/homeGPU/iantequera/My_Code/Football_Analysis_CV/input_videos/Take_N1.mp4: 384x640 7 persons, 1 sports ball, 434.0ms
video 1/1 (frame 131/737) /mnt/homeGPU/iantequera/My_Code/Football_Analysis_CV/input_videos/Take_N1.mp4: 384x640 7 persons, 1 sports ball, 460.4ms
video 1/1 (frame 132/737) /mnt/homeGPU/iantequera/My_Code/Football_Analysis_CV/input_videos/Take_N1.mp4: 384x640 8 persons, 1 sports ball, 393.6ms
video 1/1 (frame 133/737) /mnt/homeGPU/iantequera/My_Code/Football_Analysis_CV/input_videos/Take_N1.mp4: 384x640 7 persons, 1 sports ball, 451.1ms
video 1/1 (frame 134/737) /mnt/homeGPU/iantequera/My_Code/Football_Analysis_CV/input_videos/Take_N1.mp4: 384x640 7 persons, 1 sports ball, 443.4ms
video 1/1 (frame 135/737) /mnt/homeGPU/iantequera/My_Code/Football_Analysis_CV/input_videos/Take_N1.mp4: 384x640 7 persons, 389.8ms
video 1/1 (frame 136/737) /mnt/homeGPU/iantequera/My_Code/Football_Analysis_CV/input_videos/Take_N1.mp4: 384x640 7 persons, 400.5ms
video 1/1 (frame 137/737) /mnt/homeGPU/iantequera/My_Code/Football_Analysis_CV/input_videos/Take_N1.mp4: 384x640 7 persons, 1 frisbee, 392.4ms
video 1/1 (frame 138/737) /mnt/homeGPU/iantequera/My_Code/Football_Analysis_CV/input_videos/Take_N1.mp4: 384x640 6 persons, 442.8ms
video 1/1 (frame 139/737) /mnt/homeGPU/iantequera/My_Code/Football_Analysis_CV/input_videos/Take_N1.mp4: 384x640 7 persons, 390.9ms
video 1/1 (frame 140/737) /mnt/homeGPU/iantequera/My_Code/Football_Analysis_CV/input_videos/Take_N1.mp4: 384x640 7 persons, 400.7ms
video 1/1 (frame 141/737) /mnt/homeGPU/iantequera/My_Code/Football_Analysis_CV/input_videos/Take_N1.mp4: 384x640 7 persons, 396.0ms
video 1/1 (frame 142/737) /mnt/homeGPU/iantequera/My_Code/Football_Analysis_CV/input_videos/Take_N1.mp4: 384x640 7 persons, 384.8ms
video 1/1 (frame 143/737) /mnt/homeGPU/iantequera/My_Code/Football_Analysis_CV/input_videos/Take_N1.mp4: 384x640 7 persons, 1 sports ball, 438.4ms
video 1/1 (frame 144/737) /mnt/homeGPU/iantequera/My_Code/Football_Analysis_CV/input_videos/Take_N1.mp4: 384x640 7 persons, 1 sports ball, 403.3ms
video 1/1 (frame 145/737) /mnt/homeGPU/iantequera/My_Code/Football_Analysis_CV/input_videos/Take_N1.mp4: 384x640 7 persons, 1 sports ball, 398.4ms
video 1/1 (frame 146/737) /mnt/homeGPU/iantequera/My_Code/Football_Analysis_CV/input_videos/Take_N1.mp4: 384x640 7 persons, 1 sports ball, 433.8ms
video 1/1 (frame 147/737) /mnt/homeGPU/iantequera/My_Code/Football_Analysis_CV/input_videos/Take_N1.mp4: 384x640 7 persons, 1 sports ball, 413.0ms
video 1/1 (frame 148/737) /mnt/homeGPU/iantequera/My_Code/Football_Analysis_CV/input_videos/Take_N1.mp4: 384x640 7 persons, 1 sports ball, 406.1ms
video 1/1 (frame 149/737) /mnt/homeGPU/iantequera/My_Code/Football_Analysis_CV/input_videos/Take_N1.mp4: 384x640 7 persons, 1 sports ball, 447.7ms
video 1/1 (frame 150/737) /mnt/homeGPU/iantequera/My_Code/Football_Analysis_CV/input_videos/Take_N1.mp4: 384x640 7 persons, 1 sports ball, 417.4ms
video 1/1 (frame 151/737) /mnt/homeGPU/iantequera/My_Code/Football_Analysis_CV/input_videos/Take_N1.mp4: 384x640 7 persons, 1 sports ball, 393.0ms
video 1/1 (frame 152/737) /mnt/homeGPU/iantequera/My_Code/Football_Analysis_CV/input_videos/Take_N1.mp4: 384x640 7 persons, 1 sports ball, 400.5ms
video 1/1 (frame 153/737) /mnt/homeGPU/iantequera/My_Code/Football_Analysis_CV/input_videos/Take_N1.mp4: 384x640 7 persons, 1 sports ball, 436.6ms
video 1/1 (frame 154/737) /mnt/homeGPU/iantequera/My_Code/Football_Analysis_CV/input_videos/Take_N1.mp4: 384x640 7 persons, 1 sports ball, 438.7ms
video 1/1 (frame 155/737) /mnt/homeGPU/iantequera/My_Code/Football_Analysis_CV/input_videos/Take_N1.mp4: 384x640 7 persons, 1 sports ball, 390.9ms
video 1/1 (frame 156/737) /mnt/homeGPU/iantequera/My_Code/Football_Analysis_CV/input_videos/Take_N1.mp4: 384x640 7 persons, 1 sports ball, 399.7ms
video 1/1 (frame 157/737) /mnt/homeGPU/iantequera/My_Code/Football_Analysis_CV/input_videos/Take_N1.mp4: 384x640 7 persons, 1 sports ball, 417.9ms
video 1/1 (frame 158/737) /mnt/homeGPU/iantequera/My_Code/Football_Analysis_CV/input_videos/Take_N1.mp4: 384x640 7 persons, 1 sports ball, 390.0ms
video 1/1 (frame 159/737) /mnt/homeGPU/iantequera/My_Code/Football_Analysis_CV/input_videos/Take_N1.mp4: 384x640 6 persons, 1 sports ball, 447.0ms
video 1/1 (frame 160/737) /mnt/homeGPU/iantequera/My_Code/Football_Analysis_CV/input_videos/Take_N1.mp4: 384x640 6 persons, 1 sports ball, 402.7ms
video 1/1 (frame 161/737) /mnt/homeGPU/iantequera/My_Code/Football_Analysis_CV/input_videos/Take_N1.mp4: 384x640 6 persons, 1 sports ball, 393.9ms
video 1/1 (frame 162/737) /mnt/homeGPU/iantequera/My_Code/Football_Analysis_CV/input_videos/Take_N1.mp4: 384x640 6 persons, 1 sports ball, 492.8ms
video 1/1 (frame 163/737) /mnt/homeGPU/iantequera/My_Code/Football_Analysis_CV/input_videos/Take_N1.mp4: 384x640 6 persons, 392.8ms
video 1/1 (frame 164/737) /mnt/homeGPU/iantequera/My_Code/Football_Analysis_CV/input_videos/Take_N1.mp4: 384x640 6 persons, 396.8ms
